# JRE version: Java(TM) SE Runtime Environment (8.0_73-b02) (build 1.8.0_73-b02)
# Java VM: Java HotSpot(TM) 64-Bit Server VM (25.73-b02 mixed mode windows-amd64 compressed oops)
Heap:
 PSYoungGen      total 425472K, used 154673K [0x00000000d6f00000, 0x00000000fa980000, 0x0000000100000000)
  eden space 413696K, 34% used [0x00000000d6f00000,0x00000000dfacc6f8,0x00000000f0300000)
  from space 11776K, 97% used [0x00000000f9e00000,0x00000000fa940030,0x00000000fa980000)
  to   space 17920K, 0% used [0x00000000f8680000,0x00000000f8680000,0x00000000f9800000)
 ParOldGen       total 133120K, used 62462K [0x0000000084c00000, 0x000000008ce00000, 0x00000000d6f00000)
  object space 133120K, 46% used [0x0000000084c00000,0x00000000888ffae8,0x000000008ce00000)
 Metaspace       used 66860K, capacity 69882K, committed 70144K, reserved 1110016K
  class space    used 8815K, capacity 9360K, committed 9472K, reserved 1048576K
GC Heap History (10 events):
Event: 908.359 GC heap before
{Heap before GC invocations=27 (full 3):
 PSYoungGen      total 527872K, used 527584K [0x00000000d6f00000, 0x00000000fd280000, 0x0000000100000000)
  eden space 516096K, 100% used [0x00000000d6f00000,0x00000000f6700000,0x00000000f6700000)
  from space 11776K, 97% used [0x00000000fb080000,0x00000000fbbb8030,0x00000000fbc00000)
  to   space 20992K, 0% used [0x00000000fbe00000,0x00000000fbe00000,0x00000000fd280000)
 ParOldGen       total 133120K, used 62454K [0x0000000084c00000, 0x000000008ce00000, 0x00000000d6f00000)
  object space 133120K, 46% used [0x0000000084c00000,0x00000000888fdae8,0x000000008ce00000)
 Metaspace       used 66835K, capacity 69882K, committed 70144K, reserved 1110016K
  class space    used 8815K, capacity 9360K, committed 9472K, reserved 1048576K
Event: 908.384 GC heap after
Heap after GC invocations=27 (full 3):
 PSYoungGen      total 505344K, used 11552K [0x00000000d6f00000, 0x00000000fc980000, 0x0000000100000000)
  eden space 493568K, 0% used [0x00000000d6f00000,0x00000000d6f00000,0x00000000f5100000)
  from space 11776K, 98% used [0x00000000fbe00000,0x00000000fc948030,0x00000000fc980000)
  to   space 20480K, 0% used [0x00000000fa180000,0x00000000fa180000,0x00000000fb580000)
 ParOldGen       total 133120K, used 62462K [0x0000000084c00000, 0x000000008ce00000, 0x00000000d6f00000)
  object space 133120K, 46% used [0x0000000084c00000,0x00000000888ffae8,0x000000008ce00000)
 Metaspace       used 66835K, capacity 69882K, committed 70144K, reserved 1110016K
  class space    used 8815K, capacity 9360K, committed 9472K, reserved 1048576K
}
Event: 1006.896 GC heap before
{Heap before GC invocations=28 (full 3):
 PSYoungGen      total 505344K, used 505120K [0x00000000d6f00000, 0x00000000fc980000, 0x0000000100000000)
  eden space 493568K, 100% used [0x00000000d6f00000,0x00000000f5100000,0x00000000f5100000)
  from space 11776K, 98% used [0x00000000fbe00000,0x00000000fc948030,0x00000000fc980000)
  to   space 20480K, 0% used [0x00000000fa180000,0x00000000fa180000,0x00000000fb580000)
 ParOldGen       total 133120K, used 62462K [0x0000000084c00000, 0x000000008ce00000, 0x00000000d6f00000)
  object space 133120K, 46% used [0x0000000084c00000,0x00000000888ffae8,0x000000008ce00000)
 Metaspace       used 66835K, capacity 69882K, committed 70144K, reserved 1110016K
  class space    used 8815K, capacity 9360K, committed 9472K, reserved 1048576K
Event: 1006.930 GC heap after
Heap after GC invocations=28 (full 3):
 PSYoungGen      total 483840K, used 11488K [0x00000000d6f00000, 0x00000000fbe80000, 0x0000000100000000)
  eden space 472064K, 0% used [0x00000000d6f00000,0x00000000d6f00000,0x00000000f3c00000)
  from space 11776K, 97% used [0x00000000fa180000,0x00000000facb8030,0x00000000fad00000)
  to   space 17920K, 0% used [0x00000000fad00000,0x00000000fad00000,0x00000000fbe80000)
 ParOldGen       total 133120K, used 62462K [0x0000000084c00000, 0x000000008ce00000, 0x00000000d6f00000)
  object space 133120K, 46% used [0x0000000084c00000,0x00000000888ffae8,0x000000008ce00000)
 Metaspace       used 66835K, capacity 69882K, committed 70144K, reserved 1110016K
  class space    used 8815K, capacity 9360K, committed 9472K, reserved 1048576K
}
Event: 1105.802 GC heap before
{Heap before GC invocations=29 (full 3):
 PSYoungGen      total 483840K, used 483552K [0x00000000d6f00000, 0x00000000fbe80000, 0x0000000100000000)
  eden space 472064K, 100% used [0x00000000d6f00000,0x00000000f3c00000,0x00000000f3c00000)
  from space 11776K, 97% used [0x00000000fa180000,0x00000000facb8030,0x00000000fad00000)
  to   space 17920K, 0% used [0x00000000fad00000,0x00000000fad00000,0x00000000fbe80000)
 ParOldGen       total 133120K, used 62462K [0x0000000084c00000, 0x000000008ce00000, 0x00000000d6f00000)
  object space 133120K, 46% used [0x0000000084c00000,0x00000000888ffae8,0x000000008ce00000)
 Metaspace       used 66835K, capacity 69882K, committed 70144K, reserved 1110016K
  class space    used 8815K, capacity 9360K, committed 9472K, reserved 1048576K
Event: 1105.814 GC heap after
Heap after GC invocations=29 (full 3):
 PSYoungGen      total 462848K, used 11056K [0x00000000d6f00000, 0x00000000fb800000, 0x0000000100000000)
  eden space 451584K, 0% used [0x00000000d6f00000,0x00000000d6f00000,0x00000000f2800000)
  from space 11264K, 98% used [0x00000000fad00000,0x00000000fb7cc030,0x00000000fb800000)
  to   space 18944K, 0% used [0x00000000f9300000,0x00000000f9300000,0x00000000fa580000)
 ParOldGen       total 133120K, used 62462K [0x0000000084c00000, 0x000000008ce00000, 0x00000000d6f00000)
  object space 133120K, 46% used [0x0000000084c00000,0x00000000888ffae8,0x000000008ce00000)
 Metaspace       used 66835K, capacity 69882K, committed 70144K, reserved 1110016K
  class space    used 8815K, capacity 9360K, committed 9472K, reserved 1048576K
}
Event: 1196.946 GC heap before
{Heap before GC invocations=30 (full 3):
 PSYoungGen      total 462848K, used 462640K [0x00000000d6f00000, 0x00000000fb800000, 0x0000000100000000)
  eden space 451584K, 100% used [0x00000000d6f00000,0x00000000f2800000,0x00000000f2800000)
  from space 11264K, 98% used [0x00000000fad00000,0x00000000fb7cc030,0x00000000fb800000)
  to   space 18944K, 0% used [0x00000000f9300000,0x00000000f9300000,0x00000000fa580000)
 ParOldGen       total 133120K, used 62462K [0x0000000084c00000, 0x000000008ce00000, 0x00000000d6f00000)
  object space 133120K, 46% used [0x0000000084c00000,0x00000000888ffae8,0x000000008ce00000)
 Metaspace       used 66835K, capacity 69882K, committed 70144K, reserved 1110016K
  class space    used 8815K, capacity 9360K, committed 9472K, reserved 1048576K
Event: 1196.959 GC heap after
Heap after GC invocations=30 (full 3):
 PSYoungGen      total 443392K, used 10864K [0x00000000d6f00000, 0x00000000fad80000, 0x0000000100000000)
  eden space 432128K, 0% used [0x00000000d6f00000,0x00000000d6f00000,0x00000000f1500000)
  from space 11264K, 96% used [0x00000000f9300000,0x00000000f9d9c030,0x00000000f9e00000)
  to   space 15872K, 0% used [0x00000000f9e00000,0x00000000f9e00000,0x00000000fad80000)
 ParOldGen       total 133120K, used 62462K [0x0000000084c00000, 0x000000008ce00000, 0x00000000d6f00000)
  object space 133120K, 46% used [0x0000000084c00000,0x00000000888ffae8,0x000000008ce00000)
 Metaspace       used 66835K, capacity 69882K, committed 70144K, reserved 1110016K
  class space    used 8815K, capacity 9360K, committed 9472K, reserved 1048576K
}
Event: 1283.711 GC heap before
{Heap before GC invocations=31 (full 3):
 PSYoungGen      total 443392K, used 442992K [0x00000000d6f00000, 0x00000000fad80000, 0x0000000100000000)
  eden space 432128K, 100% used [0x00000000d6f00000,0x00000000f1500000,0x00000000f1500000)
  from space 11264K, 96% used [0x00000000f9300000,0x00000000f9d9c030,0x00000000f9e00000)
  to   space 15872K, 0% used [0x00000000f9e00000,0x00000000f9e00000,0x00000000fad80000)
 ParOldGen       total 133120K, used 62462K [0x0000000084c00000, 0x000000008ce00000, 0x00000000d6f00000)
  object space 133120K, 46% used [0x0000000084c00000,0x00000000888ffae8,0x000000008ce00000)
 Metaspace       used 66839K, capacity 69882K, committed 70144K, reserved 1110016K
  class space    used 8815K, capacity 9360K, committed 9472K, reserved 1048576K
Event: 1283.729 GC heap after
Heap after GC invocations=31 (full 3):
 PSYoungGen      total 425472K, used 11520K [0x00000000d6f00000, 0x00000000fa980000, 0x0000000100000000)
  eden space 413696K, 0% used [0x00000000d6f00000,0x00000000d6f00000,0x00000000f0300000)
  from space 11776K, 97% used [0x00000000f9e00000,0x00000000fa940030,0x00000000fa980000)
  to   space 17920K, 0% used [0x00000000f8680000,0x00000000f8680000,0x00000000f9800000)
 ParOldGen       total 133120K, used 62462K [0x0000000084c00000, 0x000000008ce00000, 0x00000000d6f00000)
  object space 133120K, 46% used [0x0000000084c00000,0x00000000888ffae8,0x000000008ce00000)
 Metaspace       used 66839K, capacity 69882K, committed 70144K, reserved 1110016K
  class space    used 8815K, capacity 9360K, committed 9472K, reserved 1048576K
}

