# JRE version: Java(TM) SE Runtime Environment (8.0_73-b02) (build 1.8.0_73-b02)
# Java VM: Java HotSpot(TM) 64-Bit Server VM (25.73-b02 mixed mode windows-amd64 compressed oops)
Heap:
 PSYoungGen      total 485888K, used 286687K [0x00000000d6f00000, 0x00000000fb800000, 0x0000000100000000)
  eden space 466432K, 57% used [0x00000000d6f00000,0x00000000e7457c40,0x00000000f3680000)
  from space 19456K, 98% used [0x00000000f8e80000,0x00000000fa120130,0x00000000fa180000)
  to   space 23040K, 0% used [0x00000000fa180000,0x00000000fa180000,0x00000000fb800000)
 ParOldGen       total 132096K, used 52921K [0x0000000084c00000, 0x000000008cd00000, 0x00000000d6f00000)
  object space 132096K, 40% used [0x0000000084c00000,0x0000000087fae688,0x000000008cd00000)
 Metaspace       used 66864K, capacity 69882K, committed 70144K, reserved 1110016K
  class space    used 8816K, capacity 9358K, committed 9472K, reserved 1048576K
GC Heap History (10 events):
Event: 588.192 GC heap before
{Heap before GC invocations=24 (full 3):
 PSYoungGen      total 605184K, used 604960K [0x00000000d6f00000, 0x00000000ff600000, 0x0000000100000000)
  eden space 584192K, 100% used [0x00000000d6f00000,0x00000000fa980000,0x00000000fa980000)
  from space 20992K, 98% used [0x00000000fe180000,0x00000000ff5c8140,0x00000000ff600000)
  to   space 31744K, 0% used [0x00000000fb800000,0x00000000fb800000,0x00000000fd700000)
 ParOldGen       total 132096K, used 52889K [0x0000000084c00000, 0x000000008cd00000, 0x00000000d6f00000)
  object space 132096K, 40% used [0x0000000084c00000,0x0000000087fa6688,0x000000008cd00000)
 Metaspace       used 66823K, capacity 69882K, committed 70144K, reserved 1110016K
  class space    used 8816K, capacity 9358K, committed 9472K, reserved 1048576K
Event: 588.248 GC heap after
Heap after GC invocations=24 (full 3):
 PSYoungGen      total 579072K, used 20768K [0x00000000d6f00000, 0x00000000fe200000, 0x0000000100000000)
  eden space 558080K, 0% used [0x00000000d6f00000,0x00000000d6f00000,0x00000000f9000000)
  from space 20992K, 98% used [0x00000000fb800000,0x00000000fcc48140,0x00000000fcc80000)
  to   space 22016K, 0% used [0x00000000fcc80000,0x00000000fcc80000,0x00000000fe200000)
 ParOldGen       total 132096K, used 52897K [0x0000000084c00000, 0x000000008cd00000, 0x00000000d6f00000)
  object space 132096K, 40% used [0x0000000084c00000,0x0000000087fa8688,0x000000008cd00000)
 Metaspace       used 66823K, capacity 69882K, committed 70144K, reserved 1110016K
  class space    used 8816K, capacity 9358K, committed 9472K, reserved 1048576K
}
Event: 699.218 GC heap before
{Heap before GC invocations=25 (full 3):
 PSYoungGen      total 579072K, used 578848K [0x00000000d6f00000, 0x00000000fe200000, 0x0000000100000000)
  eden space 558080K, 100% used [0x00000000d6f00000,0x00000000f9000000,0x00000000f9000000)
  from space 20992K, 98% used [0x00000000fb800000,0x00000000fcc48140,0x00000000fcc80000)
  to   space 22016K, 0% used [0x00000000fcc80000,0x00000000fcc80000,0x00000000fe200000)
 ParOldGen       total 132096K, used 52897K [0x0000000084c00000, 0x000000008cd00000, 0x00000000d6f00000)
  object space 132096K, 40% used [0x0000000084c00000,0x0000000087fa8688,0x000000008cd00000)
 Metaspace       used 66829K, capacity 69882K, committed 70144K, reserved 1110016K
  class space    used 8816K, capacity 9358K, committed 9472K, reserved 1048576K
Event: 699.258 GC heap after
Heap after GC invocations=25 (full 3):
 PSYoungGen      total 554496K, used 20800K [0x00000000d6f00000, 0x00000000fe100000, 0x0000000100000000)
  eden space 533504K, 0% used [0x00000000d6f00000,0x00000000d6f00000,0x00000000f7800000)
  from space 20992K, 99% used [0x00000000fcc80000,0x00000000fe0d0140,0x00000000fe100000)
  to   space 31744K, 0% used [0x00000000fa300000,0x00000000fa300000,0x00000000fc200000)
 ParOldGen       total 132096K, used 52905K [0x0000000084c00000, 0x000000008cd00000, 0x00000000d6f00000)
  object space 132096K, 40% used [0x0000000084c00000,0x0000000087faa688,0x000000008cd00000)
 Metaspace       used 66829K, capacity 69882K, committed 70144K, reserved 1110016K
  class space    used 8816K, capacity 9358K, committed 9472K, reserved 1048576K
}
Event: 804.876 GC heap before
{Heap before GC invocations=26 (full 3):
 PSYoungGen      total 554496K, used 554304K [0x00000000d6f00000, 0x00000000fe100000, 0x0000000100000000)
  eden space 533504K, 100% used [0x00000000d6f00000,0x00000000f7800000,0x00000000f7800000)
  from space 20992K, 99% used [0x00000000fcc80000,0x00000000fe0d0140,0x00000000fe100000)
  to   space 31744K, 0% used [0x00000000fa300000,0x00000000fa300000,0x00000000fc200000)
 ParOldGen       total 132096K, used 52905K [0x0000000084c00000, 0x000000008cd00000, 0x00000000d6f00000)
  object space 132096K, 40% used [0x0000000084c00000,0x0000000087faa688,0x000000008cd00000)
 Metaspace       used 66840K, capacity 69882K, committed 70144K, reserved 1110016K
  class space    used 8816K, capacity 9358K, committed 9472K, reserved 1048576K
Event: 804.934 GC heap after
Heap after GC invocations=26 (full 3):
 PSYoungGen      total 530944K, used 20800K [0x00000000d6f00000, 0x00000000fcd00000, 0x0000000100000000)
  eden space 509952K, 0% used [0x00000000d6f00000,0x00000000d6f00000,0x00000000f6100000)
  from space 20992K, 99% used [0x00000000fa300000,0x00000000fb750140,0x00000000fb780000)
  to   space 22016K, 0% used [0x00000000fb780000,0x00000000fb780000,0x00000000fcd00000)
 ParOldGen       total 132096K, used 52913K [0x0000000084c00000, 0x000000008cd00000, 0x00000000d6f00000)
  object space 132096K, 40% used [0x0000000084c00000,0x0000000087fac688,0x000000008cd00000)
 Metaspace       used 66840K, capacity 69882K, committed 70144K, reserved 1110016K
  class space    used 8816K, capacity 9358K, committed 9472K, reserved 1048576K
}
Event: 908.338 GC heap before
{Heap before GC invocations=27 (full 3):
 PSYoungGen      total 530944K, used 530752K [0x00000000d6f00000, 0x00000000fcd00000, 0x0000000100000000)
  eden space 509952K, 100% used [0x00000000d6f00000,0x00000000f6100000,0x00000000f6100000)
  from space 20992K, 99% used [0x00000000fa300000,0x00000000fb750140,0x00000000fb780000)
  to   space 22016K, 0% used [0x00000000fb780000,0x00000000fb780000,0x00000000fcd00000)
 ParOldGen       total 132096K, used 52913K [0x0000000084c00000, 0x000000008cd00000, 0x00000000d6f00000)
  object space 132096K, 40% used [0x0000000084c00000,0x0000000087fac688,0x000000008cd00000)
 Metaspace       used 66852K, capacity 69882K, committed 70144K, reserved 1110016K
  class space    used 8816K, capacity 9358K, committed 9472K, reserved 1048576K
Event: 908.356 GC heap after
Heap after GC invocations=27 (full 3):
 PSYoungGen      total 507904K, used 19968K [0x00000000d6f00000, 0x00000000fcb80000, 0x0000000100000000)
  eden space 487424K, 0% used [0x00000000d6f00000,0x00000000d6f00000,0x00000000f4b00000)
  from space 20480K, 97% used [0x00000000fb780000,0x00000000fcb00130,0x00000000fcb80000)
  to   space 31232K, 0% used [0x00000000f8e80000,0x00000000f8e80000,0x00000000fad00000)
 ParOldGen       total 132096K, used 52921K [0x0000000084c00000, 0x000000008cd00000, 0x00000000d6f00000)
  object space 132096K, 40% used [0x0000000084c00000,0x0000000087fae688,0x000000008cd00000)
 Metaspace       used 66852K, capacity 69882K, committed 70144K, reserved 1110016K
  class space    used 8816K, capacity 9358K, committed 9472K, reserved 1048576K
}
Event: 1005.245 GC heap before
{Heap before GC invocations=28 (full 3):
 PSYoungGen      total 507904K, used 507392K [0x00000000d6f00000, 0x00000000fcb80000, 0x0000000100000000)
  eden space 487424K, 100% used [0x00000000d6f00000,0x00000000f4b00000,0x00000000f4b00000)
  from space 20480K, 97% used [0x00000000fb780000,0x00000000fcb00130,0x00000000fcb80000)
  to   space 31232K, 0% used [0x00000000f8e80000,0x00000000f8e80000,0x00000000fad00000)
 ParOldGen       total 132096K, used 52921K [0x0000000084c00000, 0x000000008cd00000, 0x00000000d6f00000)
  object space 132096K, 40% used [0x0000000084c00000,0x0000000087fae688,0x000000008cd00000)
 Metaspace       used 66852K, capacity 69882K, committed 70144K, reserved 1110016K
  class space    used 8816K, capacity 9358K, committed 9472K, reserved 1048576K
Event: 1005.267 GC heap after
Heap after GC invocations=28 (full 3):
 PSYoungGen      total 485888K, used 19072K [0x00000000d6f00000, 0x00000000fb800000, 0x0000000100000000)
  eden space 466432K, 0% used [0x00000000d6f00000,0x00000000d6f00000,0x00000000f3680000)
  from space 19456K, 98% used [0x00000000f8e80000,0x00000000fa120130,0x00000000fa180000)
  to   space 23040K, 0% used [0x00000000fa180000,0x00000000fa180000,0x00000000fb800000)
 ParOldGen       total 132096K, used 52921K [0x0000000084c00000, 0x000000008cd00000, 0x00000000d6f00000)
  object space 132096K, 40% used [0x0000000084c00000,0x0000000087fae688,0x000000008cd00000)
 Metaspace       used 66852K, capacity 69882K, committed 70144K, reserved 1110016K
  class space    used 8816K, capacity 9358K, committed 9472K, reserved 1048576K
}

